May 23, 2017 10:53:36 AM org.apache.catalina.core.ApplicationContext log
INFO: ContextListener: contextInitialized()
May 23, 2017 10:53:36 AM org.apache.catalina.core.ApplicationContext log
INFO: SessionListener: contextInitialized()
May 23, 2017 10:53:36 AM org.apache.catalina.core.ApplicationContext log
INFO: ContextListener: attributeAdded('org.apache.jasper.compiler.TldLocationsCache', 'org.apache.jasper.compiler.TldLocationsCache@1a4a1b6')
May 23, 2017 11:04:01 AM org.apache.catalina.core.ApplicationContext log
INFO: ContextListener: contextInitialized()
May 23, 2017 11:04:01 AM org.apache.catalina.core.ApplicationContext log
INFO: SessionListener: contextInitialized()
May 23, 2017 11:04:01 AM org.apache.catalina.core.ApplicationContext log
INFO: ContextListener: attributeAdded('org.apache.jasper.compiler.TldLocationsCache', 'org.apache.jasper.compiler.TldLocationsCache@ecb84c')
May 23, 2017 11:08:56 AM org.apache.catalina.core.ApplicationContext log
INFO: SessionListener: contextDestroyed()
May 23, 2017 11:08:56 AM org.apache.catalina.core.ApplicationContext log
INFO: ContextListener: contextDestroyed()
May 23, 2017 11:09:28 AM org.apache.catalina.core.ApplicationContext log
INFO: ContextListener: contextInitialized()
May 23, 2017 11:09:28 AM org.apache.catalina.core.ApplicationContext log
INFO: SessionListener: contextInitialized()
May 23, 2017 11:09:28 AM org.apache.catalina.core.ApplicationContext log
INFO: ContextListener: attributeAdded('org.apache.jasper.compiler.TldLocationsCache', 'org.apache.jasper.compiler.TldLocationsCache@82856')
