INFO  root main
      2012-10-31 13:27:55,820 - Starting root
INFO  Context main
      2012-10-31 13:27:55,822 - Context invoked, path = null
INFO  org.hibernate.annotations.common.Version main
      2012-10-31 13:27:56,413 - HCANN000001: Hibernate Commons Annotations {4.0.1.Final}
INFO  org.hibernate.Version main
      2012-10-31 13:27:56,430 - HHH000412: Hibernate Core {4.1.1}
INFO  org.hibernate.cfg.Environment main
      2012-10-31 13:27:56,434 - HHH000206: hibernate.properties not found
INFO  org.hibernate.cfg.Environment main
      2012-10-31 13:27:56,436 - HHH000021: Bytecode provider name : javassist
INFO  org.hibernate.cfg.Configuration main
      2012-10-31 13:27:56,487 - HHH000043: Configuring from resource: /hibernate.cfg.xml
INFO  org.hibernate.cfg.Configuration main
      2012-10-31 13:27:56,487 - HHH000040: Configuration resource: /hibernate.cfg.xml
INFO  org.hibernate.cfg.Configuration main
      2012-10-31 13:27:56,734 - HHH000041: Configured SessionFactory: null
INFO  org.hibernate.service.jdbc.connections.internal.DriverManagerConnectionProviderImpl main
      2012-10-31 13:27:57,554 - HHH000402: Using Hibernate built-in connection pool (not for production use!)
INFO  org.hibernate.service.jdbc.connections.internal.DriverManagerConnectionProviderImpl main
      2012-10-31 13:27:57,580 - HHH000115: Hibernate connection pool size: 20
INFO  org.hibernate.service.jdbc.connections.internal.DriverManagerConnectionProviderImpl main
      2012-10-31 13:27:57,580 - HHH000006: Autocommit mode: false
INFO  org.hibernate.service.jdbc.connections.internal.DriverManagerConnectionProviderImpl main
      2012-10-31 13:27:57,580 - HHH000401: using driver [com.mysql.jdbc.Driver] at URL [jdbc:mysql://localhost:3306/lda_dev]
INFO  org.hibernate.service.jdbc.connections.internal.DriverManagerConnectionProviderImpl main
      2012-10-31 13:27:57,580 - HHH000046: Connection properties: {user=root, password=****}
INFO  org.hibernate.dialect.Dialect main
      2012-10-31 13:27:58,123 - HHH000400: Using dialect: org.hibernate.dialect.MySQLDialect
INFO  org.hibernate.engine.transaction.internal.TransactionFactoryInitiator main
      2012-10-31 13:27:58,189 - HHH000399: Using default transaction strategy (direct JDBC transactions)
INFO  org.hibernate.hql.internal.ast.ASTQueryTranslatorFactory main
      2012-10-31 13:27:58,204 - HHH000397: Using ASTQueryTranslatorFactory
INFO  Context main
      2012-10-31 13:27:58,745 - Creating and saving Gallery Manager in context attribute
INFO  root main
      2012-10-31 13:29:04,108 - Starting root
INFO  Context main
      2012-10-31 13:29:04,109 - Context invoked, path = null
INFO  org.hibernate.annotations.common.Version main
      2012-10-31 13:29:04,451 - HCANN000001: Hibernate Commons Annotations {4.0.1.Final}
INFO  org.hibernate.Version main
      2012-10-31 13:29:04,478 - HHH000412: Hibernate Core {4.1.1}
INFO  org.hibernate.cfg.Environment main
      2012-10-31 13:29:04,487 - HHH000206: hibernate.properties not found
INFO  org.hibernate.cfg.Environment main
      2012-10-31 13:29:04,515 - HHH000021: Bytecode provider name : javassist
INFO  org.hibernate.cfg.Configuration main
      2012-10-31 13:29:04,554 - HHH000043: Configuring from resource: /hibernate.cfg.xml
INFO  org.hibernate.cfg.Configuration main
      2012-10-31 13:29:04,554 - HHH000040: Configuration resource: /hibernate.cfg.xml
INFO  org.hibernate.cfg.Configuration main
      2012-10-31 13:29:04,641 - HHH000041: Configured SessionFactory: null
INFO  org.hibernate.service.jdbc.connections.internal.DriverManagerConnectionProviderImpl main
      2012-10-31 13:29:04,887 - HHH000402: Using Hibernate built-in connection pool (not for production use!)
INFO  org.hibernate.service.jdbc.connections.internal.DriverManagerConnectionProviderImpl main
      2012-10-31 13:29:04,894 - HHH000115: Hibernate connection pool size: 20
INFO  org.hibernate.service.jdbc.connections.internal.DriverManagerConnectionProviderImpl main
      2012-10-31 13:29:04,894 - HHH000006: Autocommit mode: false
INFO  org.hibernate.service.jdbc.connections.internal.DriverManagerConnectionProviderImpl main
      2012-10-31 13:29:04,894 - HHH000401: using driver [com.mysql.jdbc.Driver] at URL [jdbc:mysql://localhost:3306/lda_dev]
INFO  org.hibernate.service.jdbc.connections.internal.DriverManagerConnectionProviderImpl main
      2012-10-31 13:29:04,895 - HHH000046: Connection properties: {user=root, password=****}
INFO  org.hibernate.dialect.Dialect main
      2012-10-31 13:29:05,314 - HHH000400: Using dialect: org.hibernate.dialect.MySQLDialect
INFO  org.hibernate.engine.transaction.internal.TransactionFactoryInitiator main
      2012-10-31 13:29:05,361 - HHH000399: Using default transaction strategy (direct JDBC transactions)
INFO  org.hibernate.hql.internal.ast.ASTQueryTranslatorFactory main
      2012-10-31 13:29:05,371 - HHH000397: Using ASTQueryTranslatorFactory
INFO  Context main
      2012-10-31 13:29:05,697 - Creating and saving Gallery Manager in context attribute
INFO  Controller main
      2012-10-31 13:29:05,701 - logging level set toINFO
INFO  root main
      2012-10-31 17:44:50,374 - Starting root
INFO  Context main
      2012-10-31 17:44:50,375 - Context invoked, path = null
INFO  org.hibernate.annotations.common.Version main
      2012-10-31 17:44:50,744 - HCANN000001: Hibernate Commons Annotations {4.0.1.Final}
INFO  org.hibernate.Version main
      2012-10-31 17:44:50,755 - HHH000412: Hibernate Core {4.1.1}
INFO  org.hibernate.cfg.Environment main
      2012-10-31 17:44:50,759 - HHH000206: hibernate.properties not found
INFO  org.hibernate.cfg.Environment main
      2012-10-31 17:44:50,765 - HHH000021: Bytecode provider name : javassist
INFO  org.hibernate.cfg.Configuration main
      2012-10-31 17:44:50,807 - HHH000043: Configuring from resource: /hibernate.cfg.xml
INFO  org.hibernate.cfg.Configuration main
      2012-10-31 17:44:50,808 - HHH000040: Configuration resource: /hibernate.cfg.xml
INFO  org.hibernate.cfg.Configuration main
      2012-10-31 17:44:50,893 - HHH000041: Configured SessionFactory: null
INFO  org.hibernate.service.jdbc.connections.internal.DriverManagerConnectionProviderImpl main
      2012-10-31 17:44:51,145 - HHH000402: Using Hibernate built-in connection pool (not for production use!)
INFO  org.hibernate.service.jdbc.connections.internal.DriverManagerConnectionProviderImpl main
      2012-10-31 17:44:51,152 - HHH000115: Hibernate connection pool size: 20
INFO  org.hibernate.service.jdbc.connections.internal.DriverManagerConnectionProviderImpl main
      2012-10-31 17:44:51,152 - HHH000006: Autocommit mode: false
INFO  org.hibernate.service.jdbc.connections.internal.DriverManagerConnectionProviderImpl main
      2012-10-31 17:44:51,152 - HHH000401: using driver [com.mysql.jdbc.Driver] at URL [jdbc:mysql://localhost:3306/lda_dev]
INFO  org.hibernate.service.jdbc.connections.internal.DriverManagerConnectionProviderImpl main
      2012-10-31 17:44:51,153 - HHH000046: Connection properties: {user=root, password=****}
INFO  org.hibernate.dialect.Dialect main
      2012-10-31 17:44:51,579 - HHH000400: Using dialect: org.hibernate.dialect.MySQLDialect
INFO  org.hibernate.engine.transaction.internal.TransactionFactoryInitiator main
      2012-10-31 17:44:51,628 - HHH000399: Using default transaction strategy (direct JDBC transactions)
INFO  org.hibernate.hql.internal.ast.ASTQueryTranslatorFactory main
      2012-10-31 17:44:51,637 - HHH000397: Using ASTQueryTranslatorFactory
INFO  Context main
      2012-10-31 17:44:51,947 - Creating and saving Gallery Manager in context attribute
INFO  root main
      2012-10-31 17:52:56,455 - Starting root
INFO  Context main
      2012-10-31 17:52:56,456 - Context invoked, path = null
INFO  org.hibernate.annotations.common.Version main
      2012-10-31 17:52:56,834 - HCANN000001: Hibernate Commons Annotations {4.0.1.Final}
INFO  org.hibernate.Version main
      2012-10-31 17:52:56,860 - HHH000412: Hibernate Core {4.1.1}
INFO  org.hibernate.cfg.Environment main
      2012-10-31 17:52:56,864 - HHH000206: hibernate.properties not found
INFO  org.hibernate.cfg.Environment main
      2012-10-31 17:52:56,866 - HHH000021: Bytecode provider name : javassist
INFO  org.hibernate.cfg.Configuration main
      2012-10-31 17:52:56,920 - HHH000043: Configuring from resource: /hibernate.cfg.xml
INFO  org.hibernate.cfg.Configuration main
      2012-10-31 17:52:56,920 - HHH000040: Configuration resource: /hibernate.cfg.xml
INFO  org.hibernate.cfg.Configuration main
      2012-10-31 17:52:57,006 - HHH000041: Configured SessionFactory: null
INFO  org.hibernate.service.jdbc.connections.internal.DriverManagerConnectionProviderImpl main
      2012-10-31 17:52:57,270 - HHH000402: Using Hibernate built-in connection pool (not for production use!)
INFO  org.hibernate.service.jdbc.connections.internal.DriverManagerConnectionProviderImpl main
      2012-10-31 17:52:57,277 - HHH000115: Hibernate connection pool size: 20
INFO  org.hibernate.service.jdbc.connections.internal.DriverManagerConnectionProviderImpl main
      2012-10-31 17:52:57,278 - HHH000006: Autocommit mode: false
INFO  org.hibernate.service.jdbc.connections.internal.DriverManagerConnectionProviderImpl main
      2012-10-31 17:52:57,278 - HHH000401: using driver [com.mysql.jdbc.Driver] at URL [jdbc:mysql://localhost:3306/lda_dev]
INFO  org.hibernate.service.jdbc.connections.internal.DriverManagerConnectionProviderImpl main
      2012-10-31 17:52:57,278 - HHH000046: Connection properties: {user=root, password=****}
INFO  org.hibernate.dialect.Dialect main
      2012-10-31 17:52:57,692 - HHH000400: Using dialect: org.hibernate.dialect.MySQLDialect
INFO  org.hibernate.engine.transaction.internal.TransactionFactoryInitiator main
      2012-10-31 17:52:57,745 - HHH000399: Using default transaction strategy (direct JDBC transactions)
INFO  org.hibernate.hql.internal.ast.ASTQueryTranslatorFactory main
      2012-10-31 17:52:57,753 - HHH000397: Using ASTQueryTranslatorFactory
INFO  Context main
      2012-10-31 17:52:58,056 - Creating and saving Gallery Manager in context attribute
INFO  root main
      2012-10-31 18:00:19,896 - Starting root
INFO  Context main
      2012-10-31 18:00:19,897 - Context invoked, path = null
INFO  org.hibernate.annotations.common.Version main
      2012-10-31 18:00:20,286 - HCANN000001: Hibernate Commons Annotations {4.0.1.Final}
INFO  org.hibernate.Version main
      2012-10-31 18:00:20,307 - HHH000412: Hibernate Core {4.1.1}
INFO  org.hibernate.cfg.Environment main
      2012-10-31 18:00:20,318 - HHH000206: hibernate.properties not found
INFO  org.hibernate.cfg.Environment main
      2012-10-31 18:00:20,320 - HHH000021: Bytecode provider name : javassist
INFO  org.hibernate.cfg.Configuration main
      2012-10-31 18:00:20,364 - HHH000043: Configuring from resource: /hibernate.cfg.xml
INFO  org.hibernate.cfg.Configuration main
      2012-10-31 18:00:20,364 - HHH000040: Configuration resource: /hibernate.cfg.xml
INFO  org.hibernate.cfg.Configuration main
      2012-10-31 18:00:20,450 - HHH000041: Configured SessionFactory: null
INFO  org.hibernate.service.jdbc.connections.internal.DriverManagerConnectionProviderImpl main
      2012-10-31 18:00:20,702 - HHH000402: Using Hibernate built-in connection pool (not for production use!)
INFO  org.hibernate.service.jdbc.connections.internal.DriverManagerConnectionProviderImpl main
      2012-10-31 18:00:20,709 - HHH000115: Hibernate connection pool size: 20
INFO  org.hibernate.service.jdbc.connections.internal.DriverManagerConnectionProviderImpl main
      2012-10-31 18:00:20,709 - HHH000006: Autocommit mode: false
INFO  org.hibernate.service.jdbc.connections.internal.DriverManagerConnectionProviderImpl main
      2012-10-31 18:00:20,710 - HHH000401: using driver [com.mysql.jdbc.Driver] at URL [jdbc:mysql://localhost:3306/lda_dev]
INFO  org.hibernate.service.jdbc.connections.internal.DriverManagerConnectionProviderImpl main
      2012-10-31 18:00:20,710 - HHH000046: Connection properties: {user=root, password=****}
INFO  org.hibernate.dialect.Dialect main
      2012-10-31 18:00:21,125 - HHH000400: Using dialect: org.hibernate.dialect.MySQLDialect
INFO  org.hibernate.engine.transaction.internal.TransactionFactoryInitiator main
      2012-10-31 18:00:21,174 - HHH000399: Using default transaction strategy (direct JDBC transactions)
INFO  org.hibernate.hql.internal.ast.ASTQueryTranslatorFactory main
      2012-10-31 18:00:21,182 - HHH000397: Using ASTQueryTranslatorFactory
INFO  Context main
      2012-10-31 18:00:21,502 - Creating and saving Gallery Manager in context attribute
INFO  root main
      2012-10-31 18:02:33,589 - Starting root
INFO  Context main
      2012-10-31 18:02:33,590 - Context invoked, path = null
INFO  org.hibernate.annotations.common.Version main
      2012-10-31 18:02:33,952 - HCANN000001: Hibernate Commons Annotations {4.0.1.Final}
INFO  org.hibernate.Version main
      2012-10-31 18:02:33,977 - HHH000412: Hibernate Core {4.1.1}
INFO  org.hibernate.cfg.Environment main
      2012-10-31 18:02:33,982 - HHH000206: hibernate.properties not found
INFO  org.hibernate.cfg.Environment main
      2012-10-31 18:02:33,986 - HHH000021: Bytecode provider name : javassist
INFO  org.hibernate.cfg.Configuration main
      2012-10-31 18:02:34,039 - HHH000043: Configuring from resource: /hibernate.cfg.xml
INFO  org.hibernate.cfg.Configuration main
      2012-10-31 18:02:34,039 - HHH000040: Configuration resource: /hibernate.cfg.xml
INFO  org.hibernate.cfg.Configuration main
      2012-10-31 18:02:34,141 - HHH000041: Configured SessionFactory: null
INFO  org.hibernate.service.jdbc.connections.internal.DriverManagerConnectionProviderImpl main
      2012-10-31 18:02:34,381 - HHH000402: Using Hibernate built-in connection pool (not for production use!)
INFO  org.hibernate.service.jdbc.connections.internal.DriverManagerConnectionProviderImpl main
      2012-10-31 18:02:34,388 - HHH000115: Hibernate connection pool size: 20
INFO  org.hibernate.service.jdbc.connections.internal.DriverManagerConnectionProviderImpl main
      2012-10-31 18:02:34,389 - HHH000006: Autocommit mode: false
INFO  org.hibernate.service.jdbc.connections.internal.DriverManagerConnectionProviderImpl main
      2012-10-31 18:02:34,389 - HHH000401: using driver [com.mysql.jdbc.Driver] at URL [jdbc:mysql://localhost:3306/lda_dev]
INFO  org.hibernate.service.jdbc.connections.internal.DriverManagerConnectionProviderImpl main
      2012-10-31 18:02:34,389 - HHH000046: Connection properties: {user=root, password=****}
INFO  org.hibernate.dialect.Dialect main
      2012-10-31 18:02:34,791 - HHH000400: Using dialect: org.hibernate.dialect.MySQLDialect
INFO  org.hibernate.engine.transaction.internal.TransactionFactoryInitiator main
      2012-10-31 18:02:34,838 - HHH000399: Using default transaction strategy (direct JDBC transactions)
INFO  org.hibernate.hql.internal.ast.ASTQueryTranslatorFactory main
      2012-10-31 18:02:34,846 - HHH000397: Using ASTQueryTranslatorFactory
INFO  Context main
      2012-10-31 18:02:35,154 - Creating and saving Gallery Manager in context attribute
INFO  Controller main
      2012-10-31 18:02:35,159 - logging level set toINFO
INFO  root main
      2012-10-31 18:03:09,608 - Starting root
INFO  Context main
      2012-10-31 18:03:09,609 - Context invoked, path = null
INFO  org.hibernate.annotations.common.Version main
      2012-10-31 18:03:10,013 - HCANN000001: Hibernate Commons Annotations {4.0.1.Final}
INFO  org.hibernate.Version main
      2012-10-31 18:03:10,031 - HHH000412: Hibernate Core {4.1.1}
INFO  org.hibernate.cfg.Environment main
      2012-10-31 18:03:10,034 - HHH000206: hibernate.properties not found
INFO  org.hibernate.cfg.Environment main
      2012-10-31 18:03:10,037 - HHH000021: Bytecode provider name : javassist
INFO  org.hibernate.cfg.Configuration main
      2012-10-31 18:03:10,083 - HHH000043: Configuring from resource: /hibernate.cfg.xml
INFO  org.hibernate.cfg.Configuration main
      2012-10-31 18:03:10,083 - HHH000040: Configuration resource: /hibernate.cfg.xml
INFO  org.hibernate.cfg.Configuration main
      2012-10-31 18:03:10,170 - HHH000041: Configured SessionFactory: null
INFO  org.hibernate.service.jdbc.connections.internal.DriverManagerConnectionProviderImpl main
      2012-10-31 18:03:10,422 - HHH000402: Using Hibernate built-in connection pool (not for production use!)
INFO  org.hibernate.service.jdbc.connections.internal.DriverManagerConnectionProviderImpl main
      2012-10-31 18:03:10,429 - HHH000115: Hibernate connection pool size: 20
INFO  org.hibernate.service.jdbc.connections.internal.DriverManagerConnectionProviderImpl main
      2012-10-31 18:03:10,429 - HHH000006: Autocommit mode: false
INFO  org.hibernate.service.jdbc.connections.internal.DriverManagerConnectionProviderImpl main
      2012-10-31 18:03:10,429 - HHH000401: using driver [com.mysql.jdbc.Driver] at URL [jdbc:mysql://localhost:3306/lda_dev]
INFO  org.hibernate.service.jdbc.connections.internal.DriverManagerConnectionProviderImpl main
      2012-10-31 18:03:10,430 - HHH000046: Connection properties: {user=root, password=****}
INFO  org.hibernate.dialect.Dialect main
      2012-10-31 18:03:10,842 - HHH000400: Using dialect: org.hibernate.dialect.MySQLDialect
INFO  org.hibernate.engine.transaction.internal.TransactionFactoryInitiator main
      2012-10-31 18:03:10,891 - HHH000399: Using default transaction strategy (direct JDBC transactions)
INFO  org.hibernate.hql.internal.ast.ASTQueryTranslatorFactory main
      2012-10-31 18:03:10,900 - HHH000397: Using ASTQueryTranslatorFactory
INFO  Context main
      2012-10-31 18:03:11,223 - Creating and saving Gallery Manager in context attribute
INFO  Controller main
      2012-10-31 18:03:11,226 - logging level set toINFO
INFO  root main
      2012-10-31 18:03:50,670 - Starting root
INFO  Context main
      2012-10-31 18:03:50,671 - Context invoked, path = null
INFO  org.hibernate.annotations.common.Version main
      2012-10-31 18:03:51,024 - HCANN000001: Hibernate Commons Annotations {4.0.1.Final}
INFO  org.hibernate.Version main
      2012-10-31 18:03:51,077 - HHH000412: Hibernate Core {4.1.1}
INFO  org.hibernate.cfg.Environment main
      2012-10-31 18:03:51,082 - HHH000206: hibernate.properties not found
INFO  org.hibernate.cfg.Environment main
      2012-10-31 18:03:51,086 - HHH000021: Bytecode provider name : javassist
INFO  org.hibernate.cfg.Configuration main
      2012-10-31 18:03:51,135 - HHH000043: Configuring from resource: /hibernate.cfg.xml
INFO  org.hibernate.cfg.Configuration main
      2012-10-31 18:03:51,135 - HHH000040: Configuration resource: /hibernate.cfg.xml
INFO  org.hibernate.cfg.Configuration main
      2012-10-31 18:03:51,228 - HHH000041: Configured SessionFactory: null
INFO  org.hibernate.service.jdbc.connections.internal.DriverManagerConnectionProviderImpl main
      2012-10-31 18:03:51,474 - HHH000402: Using Hibernate built-in connection pool (not for production use!)
INFO  org.hibernate.service.jdbc.connections.internal.DriverManagerConnectionProviderImpl main
      2012-10-31 18:03:51,481 - HHH000115: Hibernate connection pool size: 20
INFO  org.hibernate.service.jdbc.connections.internal.DriverManagerConnectionProviderImpl main
      2012-10-31 18:03:51,481 - HHH000006: Autocommit mode: false
INFO  org.hibernate.service.jdbc.connections.internal.DriverManagerConnectionProviderImpl main
      2012-10-31 18:03:51,481 - HHH000401: using driver [com.mysql.jdbc.Driver] at URL [jdbc:mysql://localhost:3306/lda_dev]
INFO  org.hibernate.service.jdbc.connections.internal.DriverManagerConnectionProviderImpl main
      2012-10-31 18:03:51,481 - HHH000046: Connection properties: {user=root, password=****}
INFO  org.hibernate.dialect.Dialect main
      2012-10-31 18:03:51,903 - HHH000400: Using dialect: org.hibernate.dialect.MySQLDialect
INFO  org.hibernate.engine.transaction.internal.TransactionFactoryInitiator main
      2012-10-31 18:03:51,952 - HHH000399: Using default transaction strategy (direct JDBC transactions)
INFO  org.hibernate.hql.internal.ast.ASTQueryTranslatorFactory main
      2012-10-31 18:03:51,961 - HHH000397: Using ASTQueryTranslatorFactory
INFO  Context main
      2012-10-31 18:03:52,283 - Creating and saving Gallery Manager in context attribute
INFO  Controller main
      2012-10-31 18:03:52,287 - logging level set toINFO
INFO  root main
      2012-10-31 18:04:19,097 - Starting root
INFO  Context main
      2012-10-31 18:04:19,098 - Context invoked, path = null
INFO  org.hibernate.annotations.common.Version main
      2012-10-31 18:04:19,471 - HCANN000001: Hibernate Commons Annotations {4.0.1.Final}
INFO  org.hibernate.Version main
      2012-10-31 18:04:19,486 - HHH000412: Hibernate Core {4.1.1}
INFO  org.hibernate.cfg.Environment main
      2012-10-31 18:04:19,513 - HHH000206: hibernate.properties not found
INFO  org.hibernate.cfg.Environment main
      2012-10-31 18:04:19,515 - HHH000021: Bytecode provider name : javassist
INFO  org.hibernate.cfg.Configuration main
      2012-10-31 18:04:19,582 - HHH000043: Configuring from resource: /hibernate.cfg.xml
INFO  org.hibernate.cfg.Configuration main
      2012-10-31 18:04:19,582 - HHH000040: Configuration resource: /hibernate.cfg.xml
INFO  org.hibernate.cfg.Configuration main
      2012-10-31 18:04:19,675 - HHH000041: Configured SessionFactory: null
INFO  org.hibernate.service.jdbc.connections.internal.DriverManagerConnectionProviderImpl main
      2012-10-31 18:04:19,929 - HHH000402: Using Hibernate built-in connection pool (not for production use!)
INFO  org.hibernate.service.jdbc.connections.internal.DriverManagerConnectionProviderImpl main
      2012-10-31 18:04:19,936 - HHH000115: Hibernate connection pool size: 20
INFO  org.hibernate.service.jdbc.connections.internal.DriverManagerConnectionProviderImpl main
      2012-10-31 18:04:19,936 - HHH000006: Autocommit mode: false
INFO  org.hibernate.service.jdbc.connections.internal.DriverManagerConnectionProviderImpl main
      2012-10-31 18:04:19,936 - HHH000401: using driver [com.mysql.jdbc.Driver] at URL [jdbc:mysql://localhost:3306/lda_dev]
INFO  org.hibernate.service.jdbc.connections.internal.DriverManagerConnectionProviderImpl main
      2012-10-31 18:04:19,936 - HHH000046: Connection properties: {user=root, password=****}
INFO  org.hibernate.dialect.Dialect main
      2012-10-31 18:04:20,381 - HHH000400: Using dialect: org.hibernate.dialect.MySQLDialect
INFO  org.hibernate.engine.transaction.internal.TransactionFactoryInitiator main
      2012-10-31 18:04:20,427 - HHH000399: Using default transaction strategy (direct JDBC transactions)
INFO  org.hibernate.hql.internal.ast.ASTQueryTranslatorFactory main
      2012-10-31 18:04:20,435 - HHH000397: Using ASTQueryTranslatorFactory
INFO  Context main
      2012-10-31 18:04:20,761 - Creating and saving Gallery Manager in context attribute
INFO  Controller main
      2012-10-31 18:04:20,765 - logging level set toINFO
INFO  root main
      2012-10-31 18:04:44,946 - Starting root
INFO  Context main
      2012-10-31 18:04:44,947 - Context invoked, path = null
INFO  org.hibernate.annotations.common.Version main
      2012-10-31 18:04:45,311 - HCANN000001: Hibernate Commons Annotations {4.0.1.Final}
INFO  org.hibernate.Version main
      2012-10-31 18:04:45,333 - HHH000412: Hibernate Core {4.1.1}
INFO  org.hibernate.cfg.Environment main
      2012-10-31 18:04:45,338 - HHH000206: hibernate.properties not found
INFO  org.hibernate.cfg.Environment main
      2012-10-31 18:04:45,341 - HHH000021: Bytecode provider name : javassist
INFO  org.hibernate.cfg.Configuration main
      2012-10-31 18:04:45,388 - HHH000043: Configuring from resource: /hibernate.cfg.xml
INFO  org.hibernate.cfg.Configuration main
      2012-10-31 18:04:45,388 - HHH000040: Configuration resource: /hibernate.cfg.xml
INFO  org.hibernate.cfg.Configuration main
      2012-10-31 18:04:45,472 - HHH000041: Configured SessionFactory: null
INFO  org.hibernate.service.jdbc.connections.internal.DriverManagerConnectionProviderImpl main
      2012-10-31 18:04:45,723 - HHH000402: Using Hibernate built-in connection pool (not for production use!)
INFO  org.hibernate.service.jdbc.connections.internal.DriverManagerConnectionProviderImpl main
      2012-10-31 18:04:45,732 - HHH000115: Hibernate connection pool size: 20
INFO  org.hibernate.service.jdbc.connections.internal.DriverManagerConnectionProviderImpl main
      2012-10-31 18:04:45,732 - HHH000006: Autocommit mode: false
INFO  org.hibernate.service.jdbc.connections.internal.DriverManagerConnectionProviderImpl main
      2012-10-31 18:04:45,732 - HHH000401: using driver [com.mysql.jdbc.Driver] at URL [jdbc:mysql://localhost:3306/lda_dev]
INFO  org.hibernate.service.jdbc.connections.internal.DriverManagerConnectionProviderImpl main
      2012-10-31 18:04:45,732 - HHH000046: Connection properties: {user=root, password=****}
INFO  org.hibernate.dialect.Dialect main
      2012-10-31 18:04:46,152 - HHH000400: Using dialect: org.hibernate.dialect.MySQLDialect
INFO  org.hibernate.engine.transaction.internal.TransactionFactoryInitiator main
      2012-10-31 18:04:46,199 - HHH000399: Using default transaction strategy (direct JDBC transactions)
INFO  org.hibernate.hql.internal.ast.ASTQueryTranslatorFactory main
      2012-10-31 18:04:46,207 - HHH000397: Using ASTQueryTranslatorFactory
INFO  Context main
      2012-10-31 18:04:46,562 - Creating and saving Gallery Manager in context attribute
INFO  Controller main
      2012-10-31 18:04:46,566 - logging level set toINFO
INFO  root main
      2012-10-31 18:06:49,314 - Starting root
INFO  Context main
      2012-10-31 18:06:49,315 - Context invoked, path = null
INFO  org.hibernate.annotations.common.Version main
      2012-10-31 18:06:49,677 - HCANN000001: Hibernate Commons Annotations {4.0.1.Final}
INFO  org.hibernate.Version main
      2012-10-31 18:06:49,724 - HHH000412: Hibernate Core {4.1.1}
INFO  org.hibernate.cfg.Environment main
      2012-10-31 18:06:49,728 - HHH000206: hibernate.properties not found
INFO  org.hibernate.cfg.Environment main
      2012-10-31 18:06:49,730 - HHH000021: Bytecode provider name : javassist
INFO  org.hibernate.cfg.Configuration main
      2012-10-31 18:06:49,773 - HHH000043: Configuring from resource: /hibernate.cfg.xml
INFO  org.hibernate.cfg.Configuration main
      2012-10-31 18:06:49,773 - HHH000040: Configuration resource: /hibernate.cfg.xml
INFO  org.hibernate.cfg.Configuration main
      2012-10-31 18:06:49,857 - HHH000041: Configured SessionFactory: null
INFO  org.hibernate.service.jdbc.connections.internal.DriverManagerConnectionProviderImpl main
      2012-10-31 18:06:50,100 - HHH000402: Using Hibernate built-in connection pool (not for production use!)
INFO  org.hibernate.service.jdbc.connections.internal.DriverManagerConnectionProviderImpl main
      2012-10-31 18:06:50,107 - HHH000115: Hibernate connection pool size: 20
INFO  org.hibernate.service.jdbc.connections.internal.DriverManagerConnectionProviderImpl main
      2012-10-31 18:06:50,107 - HHH000006: Autocommit mode: false
INFO  org.hibernate.service.jdbc.connections.internal.DriverManagerConnectionProviderImpl main
      2012-10-31 18:06:50,107 - HHH000401: using driver [com.mysql.jdbc.Driver] at URL [jdbc:mysql://localhost:3306/lda_dev]
INFO  org.hibernate.service.jdbc.connections.internal.DriverManagerConnectionProviderImpl main
      2012-10-31 18:06:50,108 - HHH000046: Connection properties: {user=root, password=****}
INFO  org.hibernate.dialect.Dialect main
      2012-10-31 18:06:50,528 - HHH000400: Using dialect: org.hibernate.dialect.MySQLDialect
INFO  org.hibernate.engine.transaction.internal.TransactionFactoryInitiator main
      2012-10-31 18:06:50,573 - HHH000399: Using default transaction strategy (direct JDBC transactions)
INFO  org.hibernate.hql.internal.ast.ASTQueryTranslatorFactory main
      2012-10-31 18:06:50,581 - HHH000397: Using ASTQueryTranslatorFactory
INFO  Context main
      2012-10-31 18:06:50,919 - Creating and saving Gallery Manager in context attribute
INFO  Controller main
      2012-10-31 18:06:50,924 - logging level set toINFO
INFO  root main
      2012-10-31 18:07:24,565 - Starting root
INFO  Context main
      2012-10-31 18:07:24,566 - Context invoked, path = null
INFO  org.hibernate.annotations.common.Version main
      2012-10-31 18:07:24,956 - HCANN000001: Hibernate Commons Annotations {4.0.1.Final}
INFO  org.hibernate.Version main
      2012-10-31 18:07:24,971 - HHH000412: Hibernate Core {4.1.1}
INFO  org.hibernate.cfg.Environment main
      2012-10-31 18:07:24,984 - HHH000206: hibernate.properties not found
INFO  org.hibernate.cfg.Environment main
      2012-10-31 18:07:24,987 - HHH000021: Bytecode provider name : javassist
INFO  org.hibernate.cfg.Configuration main
      2012-10-31 18:07:25,035 - HHH000043: Configuring from resource: /hibernate.cfg.xml
INFO  org.hibernate.cfg.Configuration main
      2012-10-31 18:07:25,035 - HHH000040: Configuration resource: /hibernate.cfg.xml
INFO  org.hibernate.cfg.Configuration main
      2012-10-31 18:07:25,119 - HHH000041: Configured SessionFactory: null
INFO  org.hibernate.service.jdbc.connections.internal.DriverManagerConnectionProviderImpl main
      2012-10-31 18:07:25,370 - HHH000402: Using Hibernate built-in connection pool (not for production use!)
INFO  org.hibernate.service.jdbc.connections.internal.DriverManagerConnectionProviderImpl main
      2012-10-31 18:07:25,377 - HHH000115: Hibernate connection pool size: 20
INFO  org.hibernate.service.jdbc.connections.internal.DriverManagerConnectionProviderImpl main
      2012-10-31 18:07:25,377 - HHH000006: Autocommit mode: false
INFO  org.hibernate.service.jdbc.connections.internal.DriverManagerConnectionProviderImpl main
      2012-10-31 18:07:25,377 - HHH000401: using driver [com.mysql.jdbc.Driver] at URL [jdbc:mysql://localhost:3306/lda_dev]
INFO  org.hibernate.service.jdbc.connections.internal.DriverManagerConnectionProviderImpl main
      2012-10-31 18:07:25,378 - HHH000046: Connection properties: {user=root, password=****}
INFO  org.hibernate.dialect.Dialect main
      2012-10-31 18:07:25,791 - HHH000400: Using dialect: org.hibernate.dialect.MySQLDialect
INFO  org.hibernate.engine.transaction.internal.TransactionFactoryInitiator main
      2012-10-31 18:07:25,838 - HHH000399: Using default transaction strategy (direct JDBC transactions)
INFO  org.hibernate.hql.internal.ast.ASTQueryTranslatorFactory main
      2012-10-31 18:07:25,847 - HHH000397: Using ASTQueryTranslatorFactory
INFO  Context main
      2012-10-31 18:07:26,160 - Creating and saving Gallery Manager in context attribute
INFO  Controller main
      2012-10-31 18:07:26,164 - logging level set toINFO
INFO  ControllerHelper main
      2012-10-31 18:07:26,265 - Logger initiated - ControllerHelper
INFO  Controller main
      2012-10-31 18:07:26,265 - doGet called, request = /view
INFO  ControllerHelper main
      2012-10-31 18:07:26,270 - view: screen is lucina
INFO  root main
      2012-10-31 18:08:19,238 - Starting root
INFO  Context main
      2012-10-31 18:08:19,239 - Context invoked, path = null
INFO  org.hibernate.annotations.common.Version main
      2012-10-31 18:08:19,638 - HCANN000001: Hibernate Commons Annotations {4.0.1.Final}
INFO  org.hibernate.Version main
      2012-10-31 18:08:19,653 - HHH000412: Hibernate Core {4.1.1}
INFO  org.hibernate.cfg.Environment main
      2012-10-31 18:08:19,657 - HHH000206: hibernate.properties not found
INFO  org.hibernate.cfg.Environment main
      2012-10-31 18:08:19,660 - HHH000021: Bytecode provider name : javassist
INFO  org.hibernate.cfg.Configuration main
      2012-10-31 18:08:19,702 - HHH000043: Configuring from resource: /hibernate.cfg.xml
INFO  org.hibernate.cfg.Configuration main
      2012-10-31 18:08:19,703 - HHH000040: Configuration resource: /hibernate.cfg.xml
INFO  org.hibernate.cfg.Configuration main
      2012-10-31 18:08:19,791 - HHH000041: Configured SessionFactory: null
INFO  org.hibernate.service.jdbc.connections.internal.DriverManagerConnectionProviderImpl main
      2012-10-31 18:08:20,040 - HHH000402: Using Hibernate built-in connection pool (not for production use!)
INFO  org.hibernate.service.jdbc.connections.internal.DriverManagerConnectionProviderImpl main
      2012-10-31 18:08:20,047 - HHH000115: Hibernate connection pool size: 20
INFO  org.hibernate.service.jdbc.connections.internal.DriverManagerConnectionProviderImpl main
      2012-10-31 18:08:20,047 - HHH000006: Autocommit mode: false
INFO  org.hibernate.service.jdbc.connections.internal.DriverManagerConnectionProviderImpl main
      2012-10-31 18:08:20,047 - HHH000401: using driver [com.mysql.jdbc.Driver] at URL [jdbc:mysql://localhost:3306/lda_dev]
INFO  org.hibernate.service.jdbc.connections.internal.DriverManagerConnectionProviderImpl main
      2012-10-31 18:08:20,048 - HHH000046: Connection properties: {user=root, password=****}
INFO  org.hibernate.dialect.Dialect main
      2012-10-31 18:08:20,452 - HHH000400: Using dialect: org.hibernate.dialect.MySQLDialect
INFO  org.hibernate.engine.transaction.internal.TransactionFactoryInitiator main
      2012-10-31 18:08:20,499 - HHH000399: Using default transaction strategy (direct JDBC transactions)
INFO  org.hibernate.hql.internal.ast.ASTQueryTranslatorFactory main
      2012-10-31 18:08:20,507 - HHH000397: Using ASTQueryTranslatorFactory
INFO  Context main
      2012-10-31 18:08:20,835 - Creating and saving Gallery Manager in context attribute
INFO  Controller main
      2012-10-31 18:08:20,840 - logging level set toINFO
INFO  ControllerHelper main
      2012-10-31 18:08:20,914 - Logger initiated - ControllerHelper
INFO  Controller main
      2012-10-31 18:08:20,914 - doGet called, request = /view
INFO  ControllerHelper main
      2012-10-31 18:08:20,919 - view: screen is lucina
INFO  root main
      2012-10-31 18:08:49,140 - Starting root
INFO  Context main
      2012-10-31 18:08:49,141 - Context invoked, path = null
INFO  org.hibernate.annotations.common.Version main
      2012-10-31 18:08:49,490 - HCANN000001: Hibernate Commons Annotations {4.0.1.Final}
INFO  org.hibernate.Version main
      2012-10-31 18:08:49,507 - HHH000412: Hibernate Core {4.1.1}
INFO  org.hibernate.cfg.Environment main
      2012-10-31 18:08:49,512 - HHH000206: hibernate.properties not found
INFO  org.hibernate.cfg.Environment main
      2012-10-31 18:08:49,517 - HHH000021: Bytecode provider name : javassist
INFO  org.hibernate.cfg.Configuration main
      2012-10-31 18:08:49,575 - HHH000043: Configuring from resource: /hibernate.cfg.xml
INFO  org.hibernate.cfg.Configuration main
      2012-10-31 18:08:49,575 - HHH000040: Configuration resource: /hibernate.cfg.xml
INFO  org.hibernate.cfg.Configuration main
      2012-10-31 18:08:49,668 - HHH000041: Configured SessionFactory: null
INFO  org.hibernate.service.jdbc.connections.internal.DriverManagerConnectionProviderImpl main
      2012-10-31 18:08:49,919 - HHH000402: Using Hibernate built-in connection pool (not for production use!)
INFO  org.hibernate.service.jdbc.connections.internal.DriverManagerConnectionProviderImpl main
      2012-10-31 18:08:49,925 - HHH000115: Hibernate connection pool size: 20
INFO  org.hibernate.service.jdbc.connections.internal.DriverManagerConnectionProviderImpl main
      2012-10-31 18:08:49,925 - HHH000006: Autocommit mode: false
INFO  org.hibernate.service.jdbc.connections.internal.DriverManagerConnectionProviderImpl main
      2012-10-31 18:08:49,926 - HHH000401: using driver [com.mysql.jdbc.Driver] at URL [jdbc:mysql://localhost:3306/lda_dev]
INFO  org.hibernate.service.jdbc.connections.internal.DriverManagerConnectionProviderImpl main
      2012-10-31 18:08:49,926 - HHH000046: Connection properties: {user=root, password=****}
INFO  org.hibernate.dialect.Dialect main
      2012-10-31 18:08:50,324 - HHH000400: Using dialect: org.hibernate.dialect.MySQLDialect
INFO  org.hibernate.engine.transaction.internal.TransactionFactoryInitiator main
      2012-10-31 18:08:50,372 - HHH000399: Using default transaction strategy (direct JDBC transactions)
INFO  org.hibernate.hql.internal.ast.ASTQueryTranslatorFactory main
      2012-10-31 18:08:50,380 - HHH000397: Using ASTQueryTranslatorFactory
INFO  Context main
      2012-10-31 18:08:50,712 - Creating and saving Gallery Manager in context attribute
INFO  Controller main
      2012-10-31 18:08:50,717 - logging level set toINFO
INFO  ControllerHelper main
      2012-10-31 18:08:50,790 - Logger initiated - ControllerHelper
INFO  Controller main
      2012-10-31 18:08:50,790 - doGet called, request = /view
INFO  ControllerHelper main
      2012-10-31 18:08:50,794 - view: screen is lucina
INFO  ControllerHelper main
      2012-10-31 18:08:50,869 - Logger initiated - ControllerHelper
INFO  root main
      2012-10-31 18:11:58,843 - Starting root
INFO  Context main
      2012-10-31 18:11:58,844 - Context invoked, path = null
INFO  org.hibernate.annotations.common.Version main
      2012-10-31 18:11:59,227 - HCANN000001: Hibernate Commons Annotations {4.0.1.Final}
INFO  org.hibernate.Version main
      2012-10-31 18:11:59,254 - HHH000412: Hibernate Core {4.1.1}
INFO  org.hibernate.cfg.Environment main
      2012-10-31 18:11:59,257 - HHH000206: hibernate.properties not found
INFO  org.hibernate.cfg.Environment main
      2012-10-31 18:11:59,261 - HHH000021: Bytecode provider name : javassist
INFO  org.hibernate.cfg.Configuration main
      2012-10-31 18:11:59,308 - HHH000043: Configuring from resource: /hibernate.cfg.xml
INFO  org.hibernate.cfg.Configuration main
      2012-10-31 18:11:59,309 - HHH000040: Configuration resource: /hibernate.cfg.xml
INFO  org.hibernate.cfg.Configuration main
      2012-10-31 18:11:59,390 - HHH000041: Configured SessionFactory: null
INFO  org.hibernate.service.jdbc.connections.internal.DriverManagerConnectionProviderImpl main
      2012-10-31 18:11:59,630 - HHH000402: Using Hibernate built-in connection pool (not for production use!)
INFO  org.hibernate.service.jdbc.connections.internal.DriverManagerConnectionProviderImpl main
      2012-10-31 18:11:59,636 - HHH000115: Hibernate connection pool size: 20
INFO  org.hibernate.service.jdbc.connections.internal.DriverManagerConnectionProviderImpl main
      2012-10-31 18:11:59,636 - HHH000006: Autocommit mode: false
INFO  org.hibernate.service.jdbc.connections.internal.DriverManagerConnectionProviderImpl main
      2012-10-31 18:11:59,637 - HHH000401: using driver [com.mysql.jdbc.Driver] at URL [jdbc:mysql://localhost:3306/lda_dev]
INFO  org.hibernate.service.jdbc.connections.internal.DriverManagerConnectionProviderImpl main
      2012-10-31 18:11:59,637 - HHH000046: Connection properties: {user=root, password=****}
INFO  org.hibernate.dialect.Dialect main
      2012-10-31 18:12:00,059 - HHH000400: Using dialect: org.hibernate.dialect.MySQLDialect
INFO  org.hibernate.engine.transaction.internal.TransactionFactoryInitiator main
      2012-10-31 18:12:00,107 - HHH000399: Using default transaction strategy (direct JDBC transactions)
INFO  org.hibernate.hql.internal.ast.ASTQueryTranslatorFactory main
      2012-10-31 18:12:00,115 - HHH000397: Using ASTQueryTranslatorFactory
INFO  Context main
      2012-10-31 18:12:00,444 - Creating and saving Gallery Manager in context attribute
INFO  Controller main
      2012-10-31 18:12:00,448 - logging level set toINFO
INFO  ControllerHelper main
      2012-10-31 18:12:00,539 - Logger initiated - ControllerHelper
INFO  Controller main
      2012-10-31 18:12:00,540 - doGet called, request = /view
INFO  ControllerHelper main
      2012-10-31 18:12:00,544 - view: screen is lucina
INFO  ControllerHelper main
      2012-10-31 18:12:00,620 - Logger initiated - ControllerHelper
INFO  root main
      2012-10-31 18:13:37,017 - Starting root
INFO  Context main
      2012-10-31 18:13:37,018 - Context invoked, path = null
INFO  org.hibernate.annotations.common.Version main
      2012-10-31 18:13:37,361 - HCANN000001: Hibernate Commons Annotations {4.0.1.Final}
INFO  org.hibernate.Version main
      2012-10-31 18:13:37,379 - HHH000412: Hibernate Core {4.1.1}
INFO  org.hibernate.cfg.Environment main
      2012-10-31 18:13:37,384 - HHH000206: hibernate.properties not found
INFO  org.hibernate.cfg.Environment main
      2012-10-31 18:13:37,387 - HHH000021: Bytecode provider name : javassist
INFO  org.hibernate.cfg.Configuration main
      2012-10-31 18:13:37,447 - HHH000043: Configuring from resource: /hibernate.cfg.xml
INFO  org.hibernate.cfg.Configuration main
      2012-10-31 18:13:37,447 - HHH000040: Configuration resource: /hibernate.cfg.xml
INFO  org.hibernate.cfg.Configuration main
      2012-10-31 18:13:37,544 - HHH000041: Configured SessionFactory: null
INFO  org.hibernate.service.jdbc.connections.internal.DriverManagerConnectionProviderImpl main
      2012-10-31 18:13:37,804 - HHH000402: Using Hibernate built-in connection pool (not for production use!)
INFO  org.hibernate.service.jdbc.connections.internal.DriverManagerConnectionProviderImpl main
      2012-10-31 18:13:37,810 - HHH000115: Hibernate connection pool size: 20
INFO  org.hibernate.service.jdbc.connections.internal.DriverManagerConnectionProviderImpl main
      2012-10-31 18:13:37,811 - HHH000006: Autocommit mode: false
INFO  org.hibernate.service.jdbc.connections.internal.DriverManagerConnectionProviderImpl main
      2012-10-31 18:13:37,811 - HHH000401: using driver [com.mysql.jdbc.Driver] at URL [jdbc:mysql://localhost:3306/lda_dev]
INFO  org.hibernate.service.jdbc.connections.internal.DriverManagerConnectionProviderImpl main
      2012-10-31 18:13:37,811 - HHH000046: Connection properties: {user=root, password=****}
INFO  org.hibernate.dialect.Dialect main
      2012-10-31 18:13:38,284 - HHH000400: Using dialect: org.hibernate.dialect.MySQLDialect
INFO  org.hibernate.engine.transaction.internal.TransactionFactoryInitiator main
      2012-10-31 18:13:38,333 - HHH000399: Using default transaction strategy (direct JDBC transactions)
INFO  org.hibernate.hql.internal.ast.ASTQueryTranslatorFactory main
      2012-10-31 18:13:38,341 - HHH000397: Using ASTQueryTranslatorFactory
INFO  Context main
      2012-10-31 18:13:38,680 - Creating and saving Gallery Manager in context attribute
INFO  Controller main
      2012-10-31 18:13:38,684 - logging level set toINFO
INFO  ControllerHelper main
      2012-10-31 18:13:38,757 - Logger initiated - ControllerHelper
INFO  Controller main
      2012-10-31 18:13:38,757 - doGet called, request = /view
INFO  ControllerHelper main
      2012-10-31 18:13:38,761 - view: screen is lucina
INFO  ControllerHelper main
      2012-10-31 18:13:38,835 - Logger initiated - ControllerHelper
INFO  root main
      2012-10-31 18:13:52,364 - Starting root
INFO  Context main
      2012-10-31 18:13:52,365 - Context invoked, path = null
INFO  org.hibernate.annotations.common.Version main
      2012-10-31 18:13:52,714 - HCANN000001: Hibernate Commons Annotations {4.0.1.Final}
INFO  org.hibernate.Version main
      2012-10-31 18:13:52,730 - HHH000412: Hibernate Core {4.1.1}
INFO  org.hibernate.cfg.Environment main
      2012-10-31 18:13:52,734 - HHH000206: hibernate.properties not found
INFO  org.hibernate.cfg.Environment main
      2012-10-31 18:13:52,746 - HHH000021: Bytecode provider name : javassist
INFO  org.hibernate.cfg.Configuration main
      2012-10-31 18:13:52,827 - HHH000043: Configuring from resource: /hibernate.cfg.xml
INFO  org.hibernate.cfg.Configuration main
      2012-10-31 18:13:52,827 - HHH000040: Configuration resource: /hibernate.cfg.xml
INFO  org.hibernate.cfg.Configuration main
      2012-10-31 18:13:52,910 - HHH000041: Configured SessionFactory: null
INFO  org.hibernate.service.jdbc.connections.internal.DriverManagerConnectionProviderImpl main
      2012-10-31 18:13:53,152 - HHH000402: Using Hibernate built-in connection pool (not for production use!)
INFO  org.hibernate.service.jdbc.connections.internal.DriverManagerConnectionProviderImpl main
      2012-10-31 18:13:53,159 - HHH000115: Hibernate connection pool size: 20
INFO  org.hibernate.service.jdbc.connections.internal.DriverManagerConnectionProviderImpl main
      2012-10-31 18:13:53,159 - HHH000006: Autocommit mode: false
INFO  org.hibernate.service.jdbc.connections.internal.DriverManagerConnectionProviderImpl main
      2012-10-31 18:13:53,160 - HHH000401: using driver [com.mysql.jdbc.Driver] at URL [jdbc:mysql://localhost:3306/lda_dev]
INFO  org.hibernate.service.jdbc.connections.internal.DriverManagerConnectionProviderImpl main
      2012-10-31 18:13:53,160 - HHH000046: Connection properties: {user=root, password=****}
INFO  org.hibernate.dialect.Dialect main
      2012-10-31 18:13:53,579 - HHH000400: Using dialect: org.hibernate.dialect.MySQLDialect
INFO  org.hibernate.engine.transaction.internal.TransactionFactoryInitiator main
      2012-10-31 18:13:53,627 - HHH000399: Using default transaction strategy (direct JDBC transactions)
INFO  org.hibernate.hql.internal.ast.ASTQueryTranslatorFactory main
      2012-10-31 18:13:53,635 - HHH000397: Using ASTQueryTranslatorFactory
INFO  Context main
      2012-10-31 18:13:53,931 - Creating and saving Gallery Manager in context attribute
INFO  Controller main
      2012-10-31 18:13:53,936 - logging level set toINFO
INFO  ControllerHelper main
      2012-10-31 18:13:54,008 - Logger initiated - ControllerHelper
INFO  Controller main
      2012-10-31 18:13:54,008 - doGet called, request = /view
INFO  ControllerHelper main
      2012-10-31 18:13:54,013 - view: screen is lucina
INFO  ControllerHelper main
      2012-10-31 18:13:54,090 - Logger initiated - ControllerHelper
INFO  root main
      2012-10-31 18:21:07,236 - Starting root
INFO  Context main
      2012-10-31 18:21:07,237 - Context invoked, path = null
INFO  org.hibernate.annotations.common.Version main
      2012-10-31 18:21:07,582 - HCANN000001: Hibernate Commons Annotations {4.0.1.Final}
INFO  org.hibernate.Version main
      2012-10-31 18:21:07,609 - HHH000412: Hibernate Core {4.1.1}
INFO  org.hibernate.cfg.Environment main
      2012-10-31 18:21:07,614 - HHH000206: hibernate.properties not found
INFO  org.hibernate.cfg.Environment main
      2012-10-31 18:21:07,617 - HHH000021: Bytecode provider name : javassist
INFO  org.hibernate.cfg.Configuration main
      2012-10-31 18:21:07,667 - HHH000043: Configuring from resource: /hibernate.cfg.xml
INFO  org.hibernate.cfg.Configuration main
      2012-10-31 18:21:07,667 - HHH000040: Configuration resource: /hibernate.cfg.xml
INFO  org.hibernate.cfg.Configuration main
      2012-10-31 18:21:07,760 - HHH000041: Configured SessionFactory: null
INFO  org.hibernate.service.jdbc.connections.internal.DriverManagerConnectionProviderImpl main
      2012-10-31 18:21:08,006 - HHH000402: Using Hibernate built-in connection pool (not for production use!)
INFO  org.hibernate.service.jdbc.connections.internal.DriverManagerConnectionProviderImpl main
      2012-10-31 18:21:08,012 - HHH000115: Hibernate connection pool size: 20
INFO  org.hibernate.service.jdbc.connections.internal.DriverManagerConnectionProviderImpl main
      2012-10-31 18:21:08,013 - HHH000006: Autocommit mode: false
INFO  org.hibernate.service.jdbc.connections.internal.DriverManagerConnectionProviderImpl main
      2012-10-31 18:21:08,013 - HHH000401: using driver [com.mysql.jdbc.Driver] at URL [jdbc:mysql://localhost:3306/lda_dev]
INFO  org.hibernate.service.jdbc.connections.internal.DriverManagerConnectionProviderImpl main
      2012-10-31 18:21:08,013 - HHH000046: Connection properties: {user=root, password=****}
INFO  org.hibernate.dialect.Dialect main
      2012-10-31 18:21:08,456 - HHH000400: Using dialect: org.hibernate.dialect.MySQLDialect
INFO  org.hibernate.engine.transaction.internal.TransactionFactoryInitiator main
      2012-10-31 18:21:08,502 - HHH000399: Using default transaction strategy (direct JDBC transactions)
INFO  org.hibernate.hql.internal.ast.ASTQueryTranslatorFactory main
      2012-10-31 18:21:08,511 - HHH000397: Using ASTQueryTranslatorFactory
INFO  Context main
      2012-10-31 18:21:08,828 - Creating and saving Gallery Manager in context attribute
INFO  Controller main
      2012-10-31 18:21:08,832 - logging level set toINFO
INFO  ControllerHelper main
      2012-10-31 18:21:08,906 - Logger initiated - ControllerHelper
INFO  Controller main
      2012-10-31 18:21:08,906 - doGet called, request = /view
INFO  ControllerHelper main
      2012-10-31 18:21:08,911 - view: screen is lucina
INFO  ControllerHelper main
      2012-10-31 18:21:08,991 - Logger initiated - ControllerHelper
INFO  root main
      2012-11-01 07:31:08,437 - Starting root
INFO  Context main
      2012-11-01 07:31:08,438 - Context invoked, path = null
INFO  org.hibernate.annotations.common.Version main
      2012-11-01 07:31:08,993 - HCANN000001: Hibernate Commons Annotations {4.0.1.Final}
INFO  org.hibernate.Version main
      2012-11-01 07:31:09,005 - HHH000412: Hibernate Core {4.1.1}
INFO  org.hibernate.cfg.Environment main
      2012-11-01 07:31:09,009 - HHH000206: hibernate.properties not found
INFO  org.hibernate.cfg.Environment main
      2012-11-01 07:31:09,011 - HHH000021: Bytecode provider name : javassist
INFO  org.hibernate.cfg.Configuration main
      2012-11-01 07:31:09,070 - HHH000043: Configuring from resource: /hibernate.cfg.xml
INFO  org.hibernate.cfg.Configuration main
      2012-11-01 07:31:09,070 - HHH000040: Configuration resource: /hibernate.cfg.xml
INFO  org.hibernate.cfg.Configuration main
      2012-11-01 07:31:09,272 - HHH000041: Configured SessionFactory: null
INFO  org.hibernate.service.jdbc.connections.internal.DriverManagerConnectionProviderImpl main
      2012-11-01 07:31:09,619 - HHH000402: Using Hibernate built-in connection pool (not for production use!)
INFO  org.hibernate.service.jdbc.connections.internal.DriverManagerConnectionProviderImpl main
      2012-11-01 07:31:09,658 - HHH000115: Hibernate connection pool size: 20
INFO  org.hibernate.service.jdbc.connections.internal.DriverManagerConnectionProviderImpl main
      2012-11-01 07:31:09,658 - HHH000006: Autocommit mode: false
INFO  org.hibernate.service.jdbc.connections.internal.DriverManagerConnectionProviderImpl main
      2012-11-01 07:31:09,658 - HHH000401: using driver [com.mysql.jdbc.Driver] at URL [jdbc:mysql://localhost:3306/lda_dev]
INFO  org.hibernate.service.jdbc.connections.internal.DriverManagerConnectionProviderImpl main
      2012-11-01 07:31:09,658 - HHH000046: Connection properties: {user=root, password=****}
WARN  org.hibernate.engine.jdbc.internal.JdbcServicesImpl main
      2012-11-01 07:31:09,912 - HHH000342: Could not obtain connection to query metadata : Communications link failure

The last packet sent successfully to the server was 0 milliseconds ago. The driver has not received any packets from the server.
INFO  root main
      2012-11-01 07:35:05,948 - Starting root
INFO  Context main
      2012-11-01 07:35:05,949 - Context invoked, path = null
INFO  org.hibernate.annotations.common.Version main
      2012-11-01 07:35:06,316 - HCANN000001: Hibernate Commons Annotations {4.0.1.Final}
INFO  org.hibernate.Version main
      2012-11-01 07:35:06,328 - HHH000412: Hibernate Core {4.1.1}
INFO  org.hibernate.cfg.Environment main
      2012-11-01 07:35:06,332 - HHH000206: hibernate.properties not found
INFO  org.hibernate.cfg.Environment main
      2012-11-01 07:35:06,335 - HHH000021: Bytecode provider name : javassist
INFO  org.hibernate.cfg.Configuration main
      2012-11-01 07:35:06,371 - HHH000043: Configuring from resource: /hibernate.cfg.xml
INFO  org.hibernate.cfg.Configuration main
      2012-11-01 07:35:06,371 - HHH000040: Configuration resource: /hibernate.cfg.xml
INFO  org.hibernate.cfg.Configuration main
      2012-11-01 07:35:06,444 - HHH000041: Configured SessionFactory: null
INFO  org.hibernate.service.jdbc.connections.internal.DriverManagerConnectionProviderImpl main
      2012-11-01 07:35:06,662 - HHH000402: Using Hibernate built-in connection pool (not for production use!)
INFO  org.hibernate.service.jdbc.connections.internal.DriverManagerConnectionProviderImpl main
      2012-11-01 07:35:06,668 - HHH000115: Hibernate connection pool size: 20
INFO  org.hibernate.service.jdbc.connections.internal.DriverManagerConnectionProviderImpl main
      2012-11-01 07:35:06,668 - HHH000006: Autocommit mode: false
INFO  org.hibernate.service.jdbc.connections.internal.DriverManagerConnectionProviderImpl main
      2012-11-01 07:35:06,668 - HHH000401: using driver [com.mysql.jdbc.Driver] at URL [jdbc:mysql://localhost:3306/lda_dev]
INFO  org.hibernate.service.jdbc.connections.internal.DriverManagerConnectionProviderImpl main
      2012-11-01 07:35:06,669 - HHH000046: Connection properties: {user=root, password=****}
INFO  org.hibernate.dialect.Dialect main
      2012-11-01 07:35:07,196 - HHH000400: Using dialect: org.hibernate.dialect.MySQLDialect
INFO  org.hibernate.engine.transaction.internal.TransactionFactoryInitiator main
      2012-11-01 07:35:07,249 - HHH000399: Using default transaction strategy (direct JDBC transactions)
INFO  org.hibernate.hql.internal.ast.ASTQueryTranslatorFactory main
      2012-11-01 07:35:07,265 - HHH000397: Using ASTQueryTranslatorFactory
INFO  Context main
      2012-11-01 07:35:08,158 - Creating and saving Gallery Manager in context attribute
INFO  Controller main
      2012-11-01 07:35:08,493 - logging level set toINFO
INFO  ControllerHelper main
      2012-11-01 07:35:08,609 - Logger initiated - ControllerHelper
INFO  Controller main
      2012-11-01 07:35:08,609 - doGet called, request = /view
INFO  ControllerHelper main
      2012-11-01 07:35:08,616 - view: screen is lucina
INFO  ControllerHelper main
      2012-11-01 07:35:08,857 - Logger initiated - ControllerHelper
INFO  root main
      2012-11-01 07:59:59,121 - Starting root
INFO  Context main
      2012-11-01 07:59:59,122 - Context invoked, path = null
INFO  org.hibernate.annotations.common.Version main
      2012-11-01 07:59:59,567 - HCANN000001: Hibernate Commons Annotations {4.0.1.Final}
INFO  org.hibernate.Version main
      2012-11-01 07:59:59,585 - HHH000412: Hibernate Core {4.1.1}
INFO  org.hibernate.cfg.Environment main
      2012-11-01 07:59:59,589 - HHH000206: hibernate.properties not found
INFO  org.hibernate.cfg.Environment main
      2012-11-01 07:59:59,603 - HHH000021: Bytecode provider name : javassist
INFO  org.hibernate.cfg.Configuration main
      2012-11-01 07:59:59,640 - HHH000043: Configuring from resource: /hibernate.cfg.xml
INFO  org.hibernate.cfg.Configuration main
      2012-11-01 07:59:59,640 - HHH000040: Configuration resource: /hibernate.cfg.xml
INFO  org.hibernate.cfg.Configuration main
      2012-11-01 07:59:59,759 - HHH000041: Configured SessionFactory: null
INFO  org.hibernate.service.jdbc.connections.internal.DriverManagerConnectionProviderImpl main
      2012-11-01 08:00:00,070 - HHH000402: Using Hibernate built-in connection pool (not for production use!)
INFO  org.hibernate.service.jdbc.connections.internal.DriverManagerConnectionProviderImpl main
      2012-11-01 08:00:00,077 - HHH000115: Hibernate connection pool size: 20
INFO  org.hibernate.service.jdbc.connections.internal.DriverManagerConnectionProviderImpl main
      2012-11-01 08:00:00,077 - HHH000006: Autocommit mode: false
INFO  org.hibernate.service.jdbc.connections.internal.DriverManagerConnectionProviderImpl main
      2012-11-01 08:00:00,077 - HHH000401: using driver [com.mysql.jdbc.Driver] at URL [jdbc:mysql://localhost:3306/lda_dev]
INFO  org.hibernate.service.jdbc.connections.internal.DriverManagerConnectionProviderImpl main
      2012-11-01 08:00:00,077 - HHH000046: Connection properties: {user=root, password=****}
INFO  org.hibernate.dialect.Dialect main
      2012-11-01 08:00:00,525 - HHH000400: Using dialect: org.hibernate.dialect.MySQLDialect
INFO  org.hibernate.engine.transaction.internal.TransactionFactoryInitiator main
      2012-11-01 08:00:00,566 - HHH000399: Using default transaction strategy (direct JDBC transactions)
INFO  org.hibernate.hql.internal.ast.ASTQueryTranslatorFactory main
      2012-11-01 08:00:00,573 - HHH000397: Using ASTQueryTranslatorFactory
INFO  Context main
      2012-11-01 08:00:00,849 - Creating and saving Gallery Manager in context attribute
INFO  Controller main
      2012-11-01 08:00:00,853 - logging level set toINFO
INFO  ControllerHelper main
      2012-11-01 08:00:00,918 - Logger initiated - ControllerHelper
INFO  Controller main
      2012-11-01 08:00:00,918 - doGet called, request = /view
INFO  ControllerHelper main
      2012-11-01 08:00:00,922 - view: screen is lucina
INFO  ControllerHelper main
      2012-11-01 08:00:00,988 - Logger initiated - ControllerHelper
